# JRE version: Java(TM) SE Runtime Environment (7.0_79-b15) (build 1.7.0_79-b15)
# Java VM: Java HotSpot(TM) 64-Bit Server VM (24.79-b02 mixed mode bsd-amd64 compressed oops)
Heap
 PSYoungGen      total 425984K, used 33025K [0x00000007d5500000, 0x00000007f7c00000, 0x0000000800000000)
  eden space 370176K, 2% used [0x00000007d5500000,0x00000007d5dcf600,0x00000007ebe80000)
  from space 55808K, 43% used [0x00000007ebe80000,0x00000007ed5f0f78,0x00000007ef500000)
  to   space 53248K, 0% used [0x00000007f4800000,0x00000007f4800000,0x00000007f7c00000)
 ParOldGen       total 126464K, used 66106K [0x0000000780000000, 0x0000000787b80000, 0x00000007d5500000)
  object space 126464K, 52% used [0x0000000780000000,0x000000078408eb60,0x0000000787b80000)
 PSPermGen       total 58368K, used 57962K [0x000000077ae00000, 0x000000077e700000, 0x0000000780000000)
  object space 58368K, 99% used [0x000000077ae00000,0x000000077e69aa90,0x000000077e700000)
GC Heap History (10 events):
Event: 7.407 GC heap before
{Heap before GC invocations=8 (full 0):
 PSYoungGen      total 146432K, used 146419K [0x00000007d5500000, 0x00000007e8d00000, 0x0000000800000000)
  eden space 130048K, 100% used [0x00000007d5500000,0x00000007dd400000,0x00000007dd400000)
  from space 16384K, 99% used [0x00000007dd400000,0x00000007de3fcd68,0x00000007de400000)
  to   space 29696K, 0% used [0x00000007e7000000,0x00000007e7000000,0x00000007e8d00000)
 ParOldGen       total 87040K, used 40230K [0x0000000780000000, 0x0000000785500000, 0x00000007d5500000)
  object space 87040K, 46% used [0x0000000780000000,0x0000000782749b38,0x0000000785500000)
 PSPermGen       total 23040K, used 22773K [0x000000077ae00000, 0x000000077c480000, 0x0000000780000000)
  object space 23040K, 98% used [0x000000077ae00000,0x000000077c43d7c0,0x000000077c480000)
Event: 7.470 GC heap after
Heap after GC invocations=8 (full 0):
 PSYoungGen      total 278528K, used 29677K [0x00000007d5500000, 0x00000007ea300000, 0x0000000800000000)
  eden space 248832K, 0% used [0x00000007d5500000,0x00000007d5500000,0x00000007e4800000)
  from space 29696K, 99% used [0x00000007e7000000,0x00000007e8cfb638,0x00000007e8d00000)
  to   space 40960K, 0% used [0x00000007e4800000,0x00000007e4800000,0x00000007e7000000)
 ParOldGen       total 87040K, used 54144K [0x0000000780000000, 0x0000000785500000, 0x00000007d5500000)
  object space 87040K, 62% used [0x0000000780000000,0x00000007834e0178,0x0000000785500000)
 PSPermGen       total 23040K, used 22773K [0x000000077ae00000, 0x000000077c480000, 0x0000000780000000)
  object space 23040K, 98% used [0x000000077ae00000,0x000000077c43d7c0,0x000000077c480000)
}
Event: 9.035 GC heap before
{Heap before GC invocations=9 (full 0):
 PSYoungGen      total 278528K, used 278509K [0x00000007d5500000, 0x00000007ea300000, 0x0000000800000000)
  eden space 248832K, 100% used [0x00000007d5500000,0x00000007e4800000,0x00000007e4800000)
  from space 29696K, 99% used [0x00000007e7000000,0x00000007e8cfb638,0x00000007e8d00000)
  to   space 40960K, 0% used [0x00000007e4800000,0x00000007e4800000,0x00000007e7000000)
 ParOldGen       total 87040K, used 54144K [0x0000000780000000, 0x0000000785500000, 0x00000007d5500000)
  object space 87040K, 62% used [0x0000000780000000,0x00000007834e0178,0x0000000785500000)
 PSPermGen       total 24576K, used 24212K [0x000000077ae00000, 0x000000077c600000, 0x0000000780000000)
  object space 24576K, 98% used [0x000000077ae00000,0x000000077c5a5380,0x000000077c600000)
Event: 9.113 GC heap after
Heap after GC invocations=9 (full 0):
 PSYoungGen      total 289792K, used 40959K [0x00000007d5500000, 0x00000007f4d00000, 0x0000000800000000)
  eden space 248832K, 0% used [0x00000007d5500000,0x00000007d5500000,0x00000007e4800000)
  from space 40960K, 99% used [0x00000007e4800000,0x00000007e6fffe80,0x00000007e7000000)
  to   space 58880K, 0% used [0x00000007f1380000,0x00000007f1380000,0x00000007f4d00000)
 ParOldGen       total 87040K, used 81001K [0x0000000780000000, 0x0000000785500000, 0x00000007d5500000)
  object space 87040K, 93% used [0x0000000780000000,0x0000000784f1a648,0x0000000785500000)
 PSPermGen       total 24576K, used 24212K [0x000000077ae00000, 0x000000077c600000, 0x0000000780000000)
  object space 24576K, 98% used [0x000000077ae00000,0x000000077c5a5380,0x000000077c600000)
}
Event: 9.113 GC heap before
{Heap before GC invocations=10 (full 1):
 PSYoungGen      total 289792K, used 40959K [0x00000007d5500000, 0x00000007f4d00000, 0x0000000800000000)
  eden space 248832K, 0% used [0x00000007d5500000,0x00000007d5500000,0x00000007e4800000)
  from space 40960K, 99% used [0x00000007e4800000,0x00000007e6fffe80,0x00000007e7000000)
  to   space 58880K, 0% used [0x00000007f1380000,0x00000007f1380000,0x00000007f4d00000)
 ParOldGen       total 87040K, used 81001K [0x0000000780000000, 0x0000000785500000, 0x00000007d5500000)
  object space 87040K, 93% used [0x0000000780000000,0x0000000784f1a648,0x0000000785500000)
 PSPermGen       total 24576K, used 24212K [0x000000077ae00000, 0x000000077c600000, 0x0000000780000000)
  object space 24576K, 98% used [0x000000077ae00000,0x000000077c5a5380,0x000000077c600000)
Event: 9.308 GC heap after
Heap after GC invocations=10 (full 1):
 PSYoungGen      total 289792K, used 0K [0x00000007d5500000, 0x00000007f4d00000, 0x0000000800000000)
  eden space 248832K, 0% used [0x00000007d5500000,0x00000007d5500000,0x00000007e4800000)
  from space 40960K, 0% used [0x00000007e4800000,0x00000007e4800000,0x00000007e7000000)
  to   space 58880K, 0% used [0x00000007f1380000,0x00000007f1380000,0x00000007f4d00000)
 ParOldGen       total 126464K, used 56298K [0x0000000780000000, 0x0000000787b80000, 0x00000007d5500000)
  object space 126464K, 44% used [0x0000000780000000,0x00000007836fa898,0x0000000787b80000)
 PSPermGen       total 48640K, used 24203K [0x000000077ae00000, 0x000000077dd80000, 0x0000000780000000)
  object space 48640K, 49% used [0x000000077ae00000,0x000000077c5a2ef8,0x000000077dd80000)
}
Event: 18.335 GC heap before
{Heap before GC invocations=11 (full 1):
 PSYoungGen      total 289792K, used 248832K [0x00000007d5500000, 0x00000007f4d00000, 0x0000000800000000)
  eden space 248832K, 100% used [0x00000007d5500000,0x00000007e4800000,0x00000007e4800000)
  from space 40960K, 0% used [0x00000007e4800000,0x00000007e4800000,0x00000007e7000000)
  to   space 58880K, 0% used [0x00000007f1380000,0x00000007f1380000,0x00000007f4d00000)
 ParOldGen       total 126464K, used 56298K [0x0000000780000000, 0x0000000787b80000, 0x00000007d5500000)
  object space 126464K, 44% used [0x0000000780000000,0x00000007836fa898,0x0000000787b80000)
 PSPermGen       total 48640K, used 44444K [0x000000077ae00000, 0x000000077dd80000, 0x0000000780000000)
  object space 48640K, 91% used [0x000000077ae00000,0x000000077d9672b8,0x000000077dd80000)
Event: 18.366 GC heap after
Heap after GC invocations=11 (full 1):
 PSYoungGen      total 367104K, used 24142K [0x00000007d5500000, 0x00000007f2b80000, 0x0000000800000000)
  eden space 342528K, 0% used [0x00000007d5500000,0x00000007d5500000,0x00000007ea380000)
  from space 24576K, 98% used [0x00000007f1380000,0x00000007f2b13ae8,0x00000007f2b80000)
  to   space 55808K, 0% used [0x00000007ebe80000,0x00000007ebe80000,0x00000007ef500000)
 ParOldGen       total 126464K, used 56306K [0x0000000780000000, 0x0000000787b80000, 0x00000007d5500000)
  object space 126464K, 44% used [0x0000000780000000,0x00000007836fc898,0x0000000787b80000)
 PSPermGen       total 48640K, used 44444K [0x000000077ae00000, 0x000000077dd80000, 0x0000000780000000)
  object space 48640K, 91% used [0x000000077ae00000,0x000000077d9672b8,0x000000077dd80000)
}
Event: 479.319 GC heap before
{Heap before GC invocations=12 (full 1):
 PSYoungGen      total 367104K, used 366670K [0x00000007d5500000, 0x00000007f2b80000, 0x0000000800000000)
  eden space 342528K, 100% used [0x00000007d5500000,0x00000007ea380000,0x00000007ea380000)
  from space 24576K, 98% used [0x00000007f1380000,0x00000007f2b13ae8,0x00000007f2b80000)
  to   space 55808K, 0% used [0x00000007ebe80000,0x00000007ebe80000,0x00000007ef500000)
 ParOldGen       total 126464K, used 56306K [0x0000000780000000, 0x0000000787b80000, 0x00000007d5500000)
  object space 126464K, 44% used [0x0000000780000000,0x00000007836fc898,0x0000000787b80000)
 PSPermGen       total 58368K, used 57962K [0x000000077ae00000, 0x000000077e700000, 0x0000000780000000)
  object space 58368K, 99% used [0x000000077ae00000,0x000000077e69aa10,0x000000077e700000)
Event: 479.372 GC heap after
Heap after GC invocations=12 (full 1):
 PSYoungGen      total 425984K, used 24003K [0x00000007d5500000, 0x00000007f7c00000, 0x0000000800000000)
  eden space 370176K, 0% used [0x00000007d5500000,0x00000007d5500000,0x00000007ebe80000)
  from space 55808K, 43% used [0x00000007ebe80000,0x00000007ed5f0f78,0x00000007ef500000)
  to   space 53248K, 0% used [0x00000007f4800000,0x00000007f4800000,0x00000007f7c00000)
 ParOldGen       total 126464K, used 66106K [0x0000000780000000, 0x0000000787b80000, 0x00000007d5500000)
  object space 126464K, 52% used [0x0000000780000000,0x000000078408eb60,0x0000000787b80000)
 PSPermGen       total 58368K, used 57962K [0x000000077ae00000, 0x000000077e700000, 0x0000000780000000)
  object space 58368K, 99% used [0x000000077ae00000,0x000000077e69aa10,0x000000077e700000)
}

